<?xml version="1.0" encoding="UTF-8"?>
<testng-results ignored="0" total="2" passed="2" failed="0" skipped="0">
  <reporter-output>
  </reporter-output>
  <suite started-at="2022-07-04T21:51:18 WIB" name="Default suite" finished-at="2022-07-04T21:51:18 WIB" duration-ms="58">
    <groups>
    </groups>
    <test started-at="2022-07-04T21:51:18 WIB" name="Default test" finished-at="2022-07-04T21:51:18 WIB" duration-ms="58">
      <class name="com.juaracoding.testcase.test">
        <test-method is-config="true" signature="setUp()[pri:0, instance:com.juaracoding.testcase.test@6ef888f6]" started-at="2022-07-04T21:51:18 WIB" name="setUp" finished-at="2022-07-04T21:51:18 WIB" duration-ms="11" status="PASS">
          <reporter-output>
          </reporter-output>
        </test-method> <!-- setUp -->
        <test-method signature="testNembak1()[pri:0, instance:com.juaracoding.testcase.test@6ef888f6]" started-at="2022-07-04T21:51:18 WIB" name="testNembak1" finished-at="2022-07-04T21:51:18 WIB" duration-ms="15" status="PASS">
          <reporter-output>
          </reporter-output>
        </test-method> <!-- testNembak1 -->
        <test-method signature="testNembak2()[pri:0, instance:com.juaracoding.testcase.test@6ef888f6]" started-at="2022-07-04T21:51:18 WIB" name="testNembak2" finished-at="2022-07-04T21:51:18 WIB" duration-ms="3" status="PASS">
          <reporter-output>
          </reporter-output>
        </test-method> <!-- testNembak2 -->
      </class> <!-- com.juaracoding.testcase.test -->
    </test> <!-- Default test -->
  </suite> <!-- Default suite -->
</testng-results>
